#
# There is insufficient memory for the Java Runtime Environment to continue.
# Native memory allocation (malloc) failed to allocate 1284096 bytes for Chunk::new
# Possible reasons:
#   The system is out of physical RAM or swap space
#   The process is running with CompressedOops enabled, and the Java Heap may be blocking the growth of the native heap
# Possible solutions:
#   Reduce memory load on the system
#   Increase physical memory or swap space
#   Check if swap backing store is full
#   Decrease Java heap size (-Xmx/-Xms)
#   Decrease number of Java threads
#   Decrease Java thread stack sizes (-Xss)
#   Set larger code cache with -XX:ReservedCodeCacheSize=
#   JVM is running with Unscaled Compressed Oops mode in which the Java heap is
#     placed in the first 4GB address space. The Java Heap base address is the
#     maximum limit for the native heap growth. Please use -XX:HeapBaseMinAddress
#     to set the Java Heap base and to place the Java Heap above 4GB virtual address.
# This output file may be truncated or incomplete.
#
#  Out of Memory Error (allocation.cpp:389), pid=13184, tid=0x00000000000021c4
#
# JRE version: OpenJDK Runtime Environment (8.0_242-b01) (build 1.8.0_242-release-1644-b01)
# Java VM: OpenJDK 64-Bit Server VM (25.242-b01 mixed mode windows-amd64 compressed oops)
# Failed to write core dump. Minidumps are not enabled by default on client versions of Windows
#

---------------  T H R E A D  ---------------

Current thread (0x00000000152aa000):  JavaThread "C2 CompilerThread1" daemon [_thread_in_native, id=8644, stack(0x0000000016a00000,0x0000000016b00000)]

Stack: [0x0000000016a00000,0x0000000016b00000]
[error occurred during error reporting (printing stack bounds), id 0xc0000005]

Native frames: (J=compiled Java code, j=interpreted, Vv=VM code, C=native code)


Current CompileTask:
C2:   8213 5044   !   4       com.sun.beans.TypeResolver::resolve (274 bytes)


---------------  P R O C E S S  ---------------

Java Threads: ( => current thread )
  0x0000000019251800 JavaThread "Cache worker for Build Output Cleanup Cache (C:\data\last\Wasellak.Android\.gradle\buildOutputCleanup)" [_thread_blocked, id=4784, stack(0x0000000021960000,0x0000000021a60000)]
  0x000000001924c800 JavaThread "pool-1-thread-1" [_thread_blocked, id=12468, stack(0x0000000021660000,0x0000000021760000)]
  0x000000001924b800 JavaThread "Build operations Thread 4" [_thread_blocked, id=11204, stack(0x00000000210d0000,0x00000000211d0000)]
  0x0000000019244000 JavaThread "Build operations Thread 3" [_thread_blocked, id=10820, stack(0x0000000020fd0000,0x00000000210d0000)]
  0x0000000019249000 JavaThread "Build operations Thread 2" [_thread_blocked, id=10796, stack(0x0000000020ed0000,0x0000000020fd0000)]
  0x0000000019248800 JavaThread "Build operations" [_thread_blocked, id=3480, stack(0x0000000020dd0000,0x0000000020ed0000)]
  0x0000000018e8e000 JavaThread "Cache worker for file content cache (C:\Users\m.elmostafa\.gradle\caches\6.4.1\fileContent)" [_thread_blocked, id=9212, stack(0x000000001f500000,0x000000001f600000)]
  0x0000000018e8c800 JavaThread "Cache worker for execution history cache (C:\Users\m.elmostafa\.gradle\caches\6.4.1\executionHistory)" [_thread_blocked, id=7392, stack(0x000000001ee00000,0x000000001ef00000)]
  0x0000000018e8f000 JavaThread "Cache worker for cache directory md-rule (C:\Users\m.elmostafa\.gradle\caches\6.4.1\md-rule)" [_thread_blocked, id=9232, stack(0x000000001ed00000,0x000000001ee00000)]
  0x0000000018e8c000 JavaThread "Cache worker for cache directory md-supplier (C:\Users\m.elmostafa\.gradle\caches\6.4.1\md-supplier)" [_thread_blocked, id=8732, stack(0x000000001ec00000,0x000000001ed00000)]
  0x0000000018e8b000 JavaThread "Cache worker for checksums cache (C:\data\last\Wasellak.Android\.gradle\checksums)" [_thread_blocked, id=13028, stack(0x000000001eb00000,0x000000001ec00000)]
  0x0000000018e92000 JavaThread "Cache worker for file hash cache (C:\data\last\Wasellak.Android\.gradle\6.4.1\fileHashes)" [_thread_blocked, id=1032, stack(0x000000001d5c0000,0x000000001d6c0000)]
  0x0000000018e8f800 JavaThread "File watcher consumer" daemon [_thread_blocked, id=15132, stack(0x000000001d2c0000,0x000000001d3c0000)]
  0x0000000018e91000 JavaThread "Cache worker for file hash cache (C:\Users\m.elmostafa\.gradle\caches\6.4.1\fileHashes)" [_thread_blocked, id=8168, stack(0x000000001b220000,0x000000001b320000)]
  0x0000000018e90800 JavaThread "File lock request listener" [_thread_in_native, id=13908, stack(0x000000001b120000,0x000000001b220000)]
  0x0000000018e31000 JavaThread "Cache worker for journal cache (C:\Users\m.elmostafa\.gradle\caches\journal-1)" [_thread_blocked, id=9260, stack(0x000000001b020000,0x000000001b120000)]
  0x0000000018db6800 JavaThread "Thread-9" [_thread_blocked, id=2716, stack(0x000000001ad20000,0x000000001ae20000)]
  0x0000000018e00800 JavaThread "Stdin handler" [_thread_blocked, id=13396, stack(0x000000001ac20000,0x000000001ad20000)]
  0x0000000018db0000 JavaThread "Asynchronous log dispatcher for DefaultDaemonConnection: socket connection from /127.0.0.1:56338 to /127.0.0.1:56339" [_thread_blocked, id=9852, stack(0x000000001ab20000,0x000000001ac20000)]
  0x0000000018de2000 JavaThread "Daemon worker" [_thread_in_vm, id=1256, stack(0x000000001aa20000,0x000000001ab20000)]
  0x0000000018dbd800 JavaThread "Cancel handler" [_thread_blocked, id=14828, stack(0x000000001a920000,0x000000001aa20000)]
  0x0000000018d9d000 JavaThread "Handler for socket connection from /127.0.0.1:56338 to /127.0.0.1:56339" [_thread_in_native, id=8376, stack(0x000000001a620000,0x000000001a720000)]
  0x0000000018d95800 JavaThread "Daemon" [_thread_blocked, id=5652, stack(0x000000001a520000,0x000000001a620000)]
  0x0000000018d89800 JavaThread "Daemon periodic checks" [_thread_blocked, id=9932, stack(0x000000001a420000,0x000000001a520000)]
  0x0000000018d36000 JavaThread "Incoming local TCP Connector on port 56338" [_thread_in_native, id=9524, stack(0x000000001a1e0000,0x000000001a2e0000)]
  0x0000000018c66800 JavaThread "Daemon health stats" [_thread_blocked, id=1496, stack(0x00000000199a0000,0x0000000019aa0000)]
  0x0000000016c33800 JavaThread "Service Thread" daemon [_thread_blocked, id=8724, stack(0x0000000017000000,0x0000000017100000)]
  0x00000000152af000 JavaThread "C1 CompilerThread2" daemon [_thread_blocked, id=8720, stack(0x0000000016b00000,0x0000000016c00000)]
=>0x00000000152aa000 JavaThread "C2 CompilerThread1" daemon [_thread_in_native, id=8644, stack(0x0000000016a00000,0x0000000016b00000)]
  0x00000000152a4800 JavaThread "C2 CompilerThread0" daemon [_thread_in_native, id=14792, stack(0x0000000016900000,0x0000000016a00000)]
  0x00000000152a3000 JavaThread "Attach Listener" daemon [_thread_blocked, id=6708, stack(0x0000000016800000,0x0000000016900000)]
  0x00000000152a2000 JavaThread "Signal Dispatcher" daemon [_thread_blocked, id=5680, stack(0x0000000016700000,0x0000000016800000)]
  0x0000000002bcc800 JavaThread "Finalizer" daemon [_thread_blocked, id=7352, stack(0x0000000016500000,0x0000000016600000)]
  0x0000000002bc2800 JavaThread "Reference Handler" daemon [_thread_blocked, id=13568, stack(0x0000000016400000,0x0000000016500000)]
  0x000000000114d800 JavaThread "main" [_thread_blocked, id=1200, stack(0x0000000002940000,0x0000000002a40000)]

Other Threads:
  0x0000000015266000 VMThread [stack: 0x0000000016300000,0x0000000016400000] [id=8992]
  0x00000000152fe800 WatcherThread [stack: 0x0000000017100000,0x0000000017200000] [id=8728]

VM state:not at safepoint (normal execution)

VM Mutex/Monitor currently owned by a thread: None

heap address: 0x00000000c0000000, size: 1024 MB, Compressed Oops mode: 32-bit
Narrow klass base: 0x0000000000000000, Narrow klass shift: 3
Compressed class space size: 1073741824 Address: 0x0000000100000000

Heap:
 PSYoungGen      total 183808K, used 80364K [0x00000000eab00000, 0x00000000f7400000, 0x0000000100000000)
  eden space 172032K, 39% used [0x00000000eab00000,0x00000000eedfbf50,0x00000000f5300000)
  from space 11776K, 99% used [0x00000000f5400000,0x00000000f5f7f320,0x00000000f5f80000)
  to   space 16896K, 0% used [0x00000000f6380000,0x00000000f6380000,0x00000000f7400000)
 ParOldGen       total 99328K, used 26004K [0x00000000c0000000, 0x00000000c6100000, 0x00000000eab00000)
  object space 99328K, 26% used [0x00000000c0000000,0x00000000c1965058,0x00000000c6100000)
 Metaspace       used 54791K, capacity 57116K, committed 57384K, reserved 1099776K
  class space    used 7355K, capacity 7890K, committed 7976K, reserved 1048576K

Card table byte_map: [0x0000000011f90000,0x00000000121a0000] byte_map_base: 0x0000000011990000

Marking Bits: (ParMarkBitMap*) 0x000000005627f030
 Begin Bits: [0x0000000012700000, 0x0000000013700000)
 End Bits:   [0x0000000013700000, 0x0000000014700000)

Polling page: 0x0000000000bd0000

CodeCache: size=245760Kb used=16209Kb max_used=16209Kb free=229550Kb
 bounds [0x0000000002bd0000, 0x0000000003bb0000, 0x0000000011bd0000]
 total_blobs=5534 nmethods=4763 adapters=682
 compilation: enabled

Compilation events (10 events):
Event: 8.175 Thread 0x00000000152af000 5219       1       org.gradle.api.internal.DefaultNamedDomainObjectCollection$AbstractNamedDomainObjectProvider::getName (5 bytes)
Event: 8.175 Thread 0x00000000152af000 nmethod 5219 0x0000000003bab810 code [0x0000000003bab960, 0x0000000003baba70]
Event: 8.180 Thread 0x00000000152af000 5220       3       com.google.common.collect.ImmutableMap::copyOf (38 bytes)
Event: 8.180 Thread 0x00000000152af000 nmethod 5220 0x0000000003babad0 code [0x0000000003babc80, 0x0000000003bac308]
Event: 8.180 Thread 0x00000000152af000 5221       3       com.google.common.collect.ImmutableMap::copyOf (41 bytes)
Event: 8.181 Thread 0x00000000152af000 nmethod 5221 0x0000000003bac450 code [0x0000000003bac620, 0x0000000003baceb8]
Event: 8.191 Thread 0x00000000152af000 5222       1       org.gradle.api.internal.DefaultNamedDomainObjectCollection$AbstractNamedDomainObjectProvider::getType (5 bytes)
Event: 8.191 Thread 0x00000000152af000 nmethod 5222 0x0000000003bad110 code [0x0000000003bad260, 0x0000000003bad370]
Event: 8.200 Thread 0x00000000152af000 5223       3       org.gradle.api.internal.provider.Providers::internal (8 bytes)
Event: 8.200 Thread 0x00000000152af000 nmethod 5223 0x0000000003bad3d0 code [0x0000000003bad540, 0x0000000003bad7d0]

GC Heap History (10 events):
Event: 4.410 GC heap before
{Heap before GC invocations=7 (full 1):
 PSYoungGen      total 76288K, used 73077K [0x00000000eab00000, 0x00000000f2980000, 0x0000000100000000)
  eden space 65536K, 100% used [0x00000000eab00000,0x00000000eeb00000,0x00000000eeb00000)
  from space 10752K, 70% used [0x00000000eeb00000,0x00000000ef25d778,0x00000000ef580000)
  to   space 12800K, 0% used [0x00000000f1d00000,0x00000000f1d00000,0x00000000f2980000)
 ParOldGen       total 99328K, used 7640K [0x00000000c0000000, 0x00000000c6100000, 0x00000000eab00000)
  object space 99328K, 7% used [0x00000000c0000000,0x00000000c0776190,0x00000000c6100000)
 Metaspace       used 32654K, capacity 33744K, committed 33968K, reserved 1079296K
  class space    used 4415K, capacity 4711K, committed 4784K, reserved 1048576K
Event: 4.423 GC heap after
Heap after GC invocations=7 (full 1):
 PSYoungGen      total 117248K, used 8875K [0x00000000eab00000, 0x00000000f2980000, 0x0000000100000000)
  eden space 104448K, 0% used [0x00000000eab00000,0x00000000eab00000,0x00000000f1100000)
  from space 12800K, 69% used [0x00000000f1d00000,0x00000000f25aae90,0x00000000f2980000)
  to   space 12288K, 0% used [0x00000000f1100000,0x00000000f1100000,0x00000000f1d00000)
 ParOldGen       total 99328K, used 7648K [0x00000000c0000000, 0x00000000c6100000, 0x00000000eab00000)
  object space 99328K, 7% used [0x00000000c0000000,0x00000000c0778190,0x00000000c6100000)
 Metaspace       used 32654K, capacity 33744K, committed 33968K, reserved 1079296K
  class space    used 4415K, capacity 4711K, committed 4784K, reserved 1048576K
}
Event: 4.663 GC heap before
{Heap before GC invocations=8 (full 1):
 PSYoungGen      total 117248K, used 36216K [0x00000000eab00000, 0x00000000f2980000, 0x0000000100000000)
  eden space 104448K, 26% used [0x00000000eab00000,0x00000000ec5b3308,0x00000000f1100000)
  from space 12800K, 69% used [0x00000000f1d00000,0x00000000f25aae90,0x00000000f2980000)
  to   space 12288K, 0% used [0x00000000f1100000,0x00000000f1100000,0x00000000f1d00000)
 ParOldGen       total 99328K, used 7648K [0x00000000c0000000, 0x00000000c6100000, 0x00000000eab00000)
  object space 99328K, 7% used [0x00000000c0000000,0x00000000c0778190,0x00000000c6100000)
 Metaspace       used 34092K, capacity 35334K, committed 35496K, reserved 1079296K
  class space    used 4599K, capacity 4933K, committed 5032K, reserved 1048576K
Event: 4.675 GC heap after
Heap after GC invocations=8 (full 1):
 PSYoungGen      total 116736K, used 8389K [0x00000000eab00000, 0x00000000f6e00000, 0x0000000100000000)
  eden space 104448K, 0% used [0x00000000eab00000,0x00000000eab00000,0x00000000f1100000)
  from space 12288K, 68% used [0x00000000f1100000,0x00000000f19315c8,0x00000000f1d00000)
  to   space 11776K, 0% used [0x00000000f6280000,0x00000000f6280000,0x00000000f6e00000)
 ParOldGen       total 99328K, used 7656K [0x00000000c0000000, 0x00000000c6100000, 0x00000000eab00000)
  object space 99328K, 7% used [0x00000000c0000000,0x00000000c077a190,0x00000000c6100000)
 Metaspace       used 34092K, capacity 35334K, committed 35496K, reserved 1079296K
  class space    used 4599K, capacity 4933K, committed 5032K, reserved 1048576K
}
Event: 4.675 GC heap before
{Heap before GC invocations=9 (full 2):
 PSYoungGen      total 116736K, used 8389K [0x00000000eab00000, 0x00000000f6e00000, 0x0000000100000000)
  eden space 104448K, 0% used [0x00000000eab00000,0x00000000eab00000,0x00000000f1100000)
  from space 12288K, 68% used [0x00000000f1100000,0x00000000f19315c8,0x00000000f1d00000)
  to   space 11776K, 0% used [0x00000000f6280000,0x00000000f6280000,0x00000000f6e00000)
 ParOldGen       total 99328K, used 7656K [0x00000000c0000000, 0x00000000c6100000, 0x00000000eab00000)
  object space 99328K, 7% used [0x00000000c0000000,0x00000000c077a190,0x00000000c6100000)
 Metaspace       used 34092K, capacity 35334K, committed 35496K, reserved 1079296K
  class space    used 4599K, capacity 4933K, committed 5032K, reserved 1048576K
Event: 4.769 GC heap after
Heap after GC invocations=9 (full 2):
 PSYoungGen      total 116736K, used 0K [0x00000000eab00000, 0x00000000f6e00000, 0x0000000100000000)
  eden space 104448K, 0% used [0x00000000eab00000,0x00000000eab00000,0x00000000f1100000)
  from space 12288K, 0% used [0x00000000f1100000,0x00000000f1100000,0x00000000f1d00000)
  to   space 11776K, 0% used [0x00000000f6280000,0x00000000f6280000,0x00000000f6e00000)
 ParOldGen       total 99328K, used 15693K [0x00000000c0000000, 0x00000000c6100000, 0x00000000eab00000)
  object space 99328K, 15% used [0x00000000c0000000,0x00000000c0f53630,0x00000000c6100000)
 Metaspace       used 34092K, capacity 35334K, committed 35496K, reserved 1079296K
  class space    used 4599K, capacity 4933K, committed 5032K, reserved 1048576K
}
Event: 5.887 GC heap before
{Heap before GC invocations=10 (full 2):
 PSYoungGen      total 116736K, used 104448K [0x00000000eab00000, 0x00000000f6e00000, 0x0000000100000000)
  eden space 104448K, 100% used [0x00000000eab00000,0x00000000f1100000,0x00000000f1100000)
  from space 12288K, 0% used [0x00000000f1100000,0x00000000f1100000,0x00000000f1d00000)
  to   space 11776K, 0% used [0x00000000f6280000,0x00000000f6280000,0x00000000f6e00000)
 ParOldGen       total 99328K, used 15693K [0x00000000c0000000, 0x00000000c6100000, 0x00000000eab00000)
  object space 99328K, 15% used [0x00000000c0000000,0x00000000c0f53630,0x00000000c6100000)
 Metaspace       used 37893K, capacity 39616K, committed 39976K, reserved 1083392K
  class space    used 5179K, capacity 5551K, committed 5672K, reserved 1048576K
Event: 5.897 GC heap after
Heap after GC invocations=10 (full 2):
 PSYoungGen      total 151552K, used 8703K [0x00000000eab00000, 0x00000000f6b00000, 0x0000000100000000)
  eden space 142848K, 0% used [0x00000000eab00000,0x00000000eab00000,0x00000000f3680000)
  from space 8704K, 99% used [0x00000000f6280000,0x00000000f6affd90,0x00000000f6b00000)
  to   space 11776K, 0% used [0x00000000f5400000,0x00000000f5400000,0x00000000f5f80000)
 ParOldGen       total 99328K, used 15701K [0x00000000c0000000, 0x00000000c6100000, 0x00000000eab00000)
  object space 99328K, 15% used [0x00000000c0000000,0x00000000c0f55630,0x00000000c6100000)
 Metaspace       used 37893K, capacity 39616K, committed 39976K, reserved 1083392K
  class space    used 5179K, capacity 5551K, committed 5672K, reserved 1048576K
}
Event: 7.710 GC heap before
{Heap before GC invocations=11 (full 2):
 PSYoungGen      total 151552K, used 151551K [0x00000000eab00000, 0x00000000f6b00000, 0x0000000100000000)
  eden space 142848K, 100% used [0x00000000eab00000,0x00000000f3680000,0x00000000f3680000)
  from space 8704K, 99% used [0x00000000f6280000,0x00000000f6affd90,0x00000000f6b00000)
  to   space 11776K, 0% used [0x00000000f5400000,0x00000000f5400000,0x00000000f5f80000)
 ParOldGen       total 99328K, used 15701K [0x00000000c0000000, 0x00000000c6100000, 0x00000000eab00000)
  object space 99328K, 15% used [0x00000000c0000000,0x00000000c0f55630,0x00000000c6100000)
 Metaspace       used 52078K, capacity 54270K, committed 54312K, reserved 1095680K
  class space    used 6936K, capacity 7442K, committed 7464K, reserved 1048576K
Event: 7.728 GC heap after
Heap after GC invocations=11 (full 2):
 PSYoungGen      total 183808K, used 11772K [0x00000000eab00000, 0x00000000f7400000, 0x0000000100000000)
  eden space 172032K, 0% used [0x00000000eab00000,0x00000000eab00000,0x00000000f5300000)
  from space 11776K, 99% used [0x00000000f5400000,0x00000000f5f7f320,0x00000000f5f80000)
  to   space 16896K, 0% used [0x00000000f6380000,0x00000000f6380000,0x00000000f7400000)
 ParOldGen       total 99328K, used 26004K [0x00000000c0000000, 0x00000000c6100000, 0x00000000eab00000)
  object space 99328K, 26% used [0x00000000c0000000,0x00000000c1965058,0x00000000c6100000)
 Metaspace       used 52078K, capacity 54270K, committed 54312K, reserved 1095680K
  class space    used 6936K, capacity 7442K, committed 7464K, reserved 1048576K
}

Deoptimization events (10 events):
Event: 7.002 Thread 0x0000000018de2000 Uncommon trap: reason=unstable_if action=reinterpret pc=0x00000000038ea5a4 method=java.security.CodeSource.matchCerts(Ljava/security/CodeSource;Z)Z @ 11
Event: 7.018 Thread 0x0000000018de2000 Uncommon trap: reason=unstable_if action=reinterpret pc=0x00000000036aaab8 method=java.util.LinkedHashMap.get(Ljava/lang/Object;)Ljava/lang/Object; @ 20
Event: 7.421 Thread 0x0000000018de2000 Uncommon trap: reason=unstable_if action=reinterpret pc=0x00000000039195e8 method=org.gradle.internal.reflect.PropertyAccessorType.of(Ljava/lang/reflect/Method;)Lorg/gradle/internal/reflect/PropertyAccessorType; @ 56
Event: 7.586 Thread 0x0000000018de2000 Uncommon trap: reason=unstable_if action=reinterpret pc=0x0000000003959330 method=org.gradle.internal.instantiation.generator.AbstractClassGenerator$InjectionAnnotationValidator.validateMethod(Ljava/lang/reflect/Method;Lorg/gradle/internal/reflect/Propert
Event: 7.586 Thread 0x0000000018de2000 Uncommon trap: reason=unstable_if action=reinterpret pc=0x000000000395f4c4 method=org.gradle.internal.instantiation.generator.AbstractClassGenerator$InjectionAnnotationValidator.validateMethod(Ljava/lang/reflect/Method;Lorg/gradle/internal/reflect/Propert
Event: 7.671 Thread 0x0000000018de2000 Uncommon trap: reason=unstable_if action=reinterpret pc=0x00000000039059e0 method=sun.net.www.protocol.jar.Handler.parseURL(Ljava/net/URL;Ljava/lang/String;II)V @ 116
Event: 7.684 Thread 0x0000000018de2000 Uncommon trap: reason=unstable_if action=reinterpret pc=0x0000000003921d68 method=java.util.concurrent.ConcurrentHashMap.putVal(Ljava/lang/Object;Ljava/lang/Object;Z)Ljava/lang/Object; @ 195
Event: 7.771 Thread 0x0000000018de2000 Uncommon trap: reason=unstable_if action=reinterpret pc=0x00000000038a7754 method=groovy.lang.MetaClassImpl$1MOPIter.methodNameAction(Ljava/lang/Class;Lorg/codehaus/groovy/runtime/metaclass/MetaMethodIndex$Entry;)V @ 182
Event: 7.866 Thread 0x0000000018de2000 Uncommon trap: reason=unstable_if action=reinterpret pc=0x00000000031ae280 method=java.lang.reflect.AccessibleObject.setAccessible0(Ljava/lang/reflect/AccessibleObject;Z)V @ 23
Event: 7.923 Thread 0x0000000018de2000 Uncommon trap: reason=unstable_if action=reinterpret pc=0x0000000003af0d34 method=groovy.lang.MetaClassImpl.filterPropertyMethod(Ljava/lang/Object;ZZ)Ljava/lang/Object; @ 72

Classes redefined (0 events):
No events

Internal exceptions (10 events):
Event: 7.974 Thread 0x0000000018de2000 Exception <a 'java/lang/ClassNotFoundException': org/gradle/api/internal/file/AbstractFileCollectionBeanInfo> (0x00000000edc8cf78) thrown at [C:\src\AOSP-openjdk-git\hotspot\src\share\vm\classfile\systemDictionary.cpp, line 210]
Event: 7.975 Thread 0x0000000018de2000 Exception <a 'java/lang/ClassNotFoundException': org/gradle/api/internal/file/AbstractFileCollectionCustomizer> (0x00000000edcce648) thrown at [C:\src\AOSP-openjdk-git\hotspot\src\share\vm\classfile\systemDictionary.cpp, line 210]
Event: 7.975 Thread 0x0000000018de2000 Exception <a 'java/lang/ClassNotFoundException': org/gradle/api/internal/file/CompositeFileCollectionCustomizer> (0x00000000edd212c8) thrown at [C:\src\AOSP-openjdk-git\hotspot\src\share\vm\classfile\systemDictionary.cpp, line 210]
Event: 7.977 Thread 0x0000000018de2000 Exception <a 'java/lang/ClassNotFoundException': org/gradle/api/internal/file/CompositeFileTreeCustomizer> (0x00000000edd6b060) thrown at [C:\src\AOSP-openjdk-git\hotspot\src\share\vm\classfile\systemDictionary.cpp, line 210]
Event: 7.978 Thread 0x0000000018de2000 Exception <a 'java/lang/ClassNotFoundException': org/gradle/api/internal/file/collections/DefaultConfigurableFileTreeCustomizer> (0x00000000eddc47a0) thrown at [C:\src\AOSP-openjdk-git\hotspot\src\share\vm\classfile\systemDictionary.cpp, line 210]
Event: 8.077 Thread 0x0000000018de2000 Exception <a 'java/lang/ClassNotFoundException': org/gradle/api/plugins/internal/DefaultBasePluginConventionBeanInfo> (0x00000000ee4bdfd0) thrown at [C:\src\AOSP-openjdk-git\hotspot\src\share\vm\classfile\systemDictionary.cpp, line 210]
Event: 8.078 Thread 0x0000000018de2000 Exception <a 'java/lang/ClassNotFoundException': org/gradle/api/plugins/BasePluginConventionBeanInfo> (0x00000000ee4e8240) thrown at [C:\src\AOSP-openjdk-git\hotspot\src\share\vm\classfile\systemDictionary.cpp, line 210]
Event: 8.078 Thread 0x0000000018de2000 Exception <a 'java/lang/ClassNotFoundException': org/gradle/api/plugins/BasePluginConventionCustomizer> (0x00000000ee512ec0) thrown at [C:\src\AOSP-openjdk-git\hotspot\src\share\vm\classfile\systemDictionary.cpp, line 210]
Event: 8.079 Thread 0x0000000018de2000 Exception <a 'java/lang/ClassNotFoundException': org/gradle/api/plugins/internal/DefaultBasePluginConventionCustomizer> (0x00000000ee55ad20) thrown at [C:\src\AOSP-openjdk-git\hotspot\src\share\vm\classfile\systemDictionary.cpp, line 210]
Event: 8.084 Thread 0x0000000018de2000 Exception <a 'java/lang/NoSuchMethodError': java.lang.Object.lambda$comparingInt$7b0bb60$1(Ljava/util/function/ToIntFunction;Ljava/lang/Object;Ljava/lang/Object;)I> (0x00000000ee5d0de8) thrown at [C:\src\AOSP-openjdk-git\hotspot\src\share\vm\interpreter\l

Events (10 events):
Event: 8.211 loading class kotlin/jvm/functions/Function1
Event: 8.211 loading class kotlin/jvm/functions/Function1 done
Event: 8.211 loading class org/gradle/api/file/DirectoryProperty
Event: 8.211 loading class org/gradle/api/file/DirectoryProperty done
Event: 8.211 loading class com/android/build/gradle/tasks/MergeResources
Event: 8.211 loading class com/android/build/gradle/tasks/MergeResources done
Event: 8.211 loading class kotlin/jvm/functions/Function1
Event: 8.211 loading class kotlin/jvm/functions/Function1 done
Event: 8.212 loading class com/android/build/gradle/internal/scope/InternalArtifactType$MERGED_SHADERS
Event: 8.212 loading class com/android/build/gradle/internal/scope/InternalArtifactType$MERGED_SHADERS done


Dynamic libraries:
0x00007ff730580000 - 0x00007ff7305b1000 	C:\Program Files\Android\Android Studio\jre\bin\java.exe
0x00007ff8efcb0000 - 0x00007ff8efea5000 	C:\Windows\SYSTEM32\ntdll.dll
0x00007ff8ef050000 - 0x00007ff8ef10d000 	C:\Windows\System32\KERNEL32.DLL
0x00007ff8ed8d0000 - 0x00007ff8edb97000 	C:\Windows\System32\KERNELBASE.dll
0x00007ff8ef810000 - 0x00007ff8ef8ba000 	C:\Windows\System32\ADVAPI32.dll
0x00007ff8edd10000 - 0x00007ff8eddae000 	C:\Windows\System32\msvcrt.dll
0x00007ff8efbd0000 - 0x00007ff8efc6b000 	C:\Windows\System32\sechost.dll
0x00007ff8ee3e0000 - 0x00007ff8ee504000 	C:\Windows\System32\RPCRT4.dll
0x00007ff8efa00000 - 0x00007ff8efba0000 	C:\Windows\System32\USER32.dll
0x00007ff8ed660000 - 0x00007ff8ed682000 	C:\Windows\System32\win32u.dll
0x00007ff8efba0000 - 0x00007ff8efbca000 	C:\Windows\System32\GDI32.dll
0x00007ff8ed550000 - 0x00007ff8ed659000 	C:\Windows\System32\gdi32full.dll
0x00007ff8edba0000 - 0x00007ff8edc3d000 	C:\Windows\System32\msvcp_win.dll
0x00007ff8ed450000 - 0x00007ff8ed550000 	C:\Windows\System32\ucrtbase.dll
0x00007ff8dc230000 - 0x00007ff8dc4cb000 	C:\Windows\WinSxS\amd64_microsoft.windows.common-controls_6595b64144ccf1df_6.0.19041.488_none_ca04af081b815d21\COMCTL32.dll
0x00007ff8ef2c0000 - 0x00007ff8ef2f0000 	C:\Windows\System32\IMM32.DLL
0x00000000559d0000 - 0x0000000055aa2000 	C:\Program Files\Android\Android Studio\jre\jre\bin\msvcr100.dll
0x0000000055ab0000 - 0x00000000562fb000 	C:\Program Files\Android\Android Studio\jre\jre\bin\server\jvm.dll
0x00007ff8ef250000 - 0x00007ff8ef258000 	C:\Windows\System32\PSAPI.DLL
0x00007ff8eb3f0000 - 0x00007ff8eb3f9000 	C:\Windows\SYSTEM32\WSOCK32.dll
0x00007ff8dbe50000 - 0x00007ff8dbe77000 	C:\Windows\SYSTEM32\WINMM.dll
0x00007ff8ef7a0000 - 0x00007ff8ef80b000 	C:\Windows\System32\WS2_32.dll
0x00007ff8e6780000 - 0x00007ff8e678a000 	C:\Windows\SYSTEM32\VERSION.dll
0x00007ff8daa30000 - 0x00007ff8daa3f000 	C:\Program Files\Android\Android Studio\jre\jre\bin\verify.dll
0x00007ff8bc990000 - 0x00007ff8bc9b9000 	C:\Program Files\Android\Android Studio\jre\jre\bin\java.dll
0x00007ff8bce30000 - 0x00007ff8bce46000 	C:\Program Files\Android\Android Studio\jre\jre\bin\zip.dll
0x00007ff8ee880000 - 0x00007ff8eefc1000 	C:\Windows\System32\SHELL32.dll
0x00007ff8eb530000 - 0x00007ff8ebcc3000 	C:\Windows\SYSTEM32\windows.storage.dll
0x00007ff8ef2f0000 - 0x00007ff8ef645000 	C:\Windows\System32\combase.dll
0x00007ff8ecdf0000 - 0x00007ff8ece1c000 	C:\Windows\SYSTEM32\Wldp.dll
0x00007ff8eddb0000 - 0x00007ff8ede5e000 	C:\Windows\System32\SHCORE.dll
0x00007ff8ee380000 - 0x00007ff8ee3d5000 	C:\Windows\System32\shlwapi.dll
0x00007ff8ed320000 - 0x00007ff8ed346000 	C:\Windows\SYSTEM32\profapi.dll
0x00007ff8bc970000 - 0x00007ff8bc98a000 	C:\Program Files\Android\Android Studio\jre\jre\bin\net.dll
0x00007ff8ecb10000 - 0x00007ff8ecb7a000 	C:\Windows\system32\mswsock.dll
0x00007ff8bc950000 - 0x00007ff8bc963000 	C:\Program Files\Android\Android Studio\jre\jre\bin\nio.dll
0x00007ff8e5b90000 - 0x00007ff8e5bb7000 	C:\Users\m.elmostafa\.gradle\native\481b90ef2c2b5ab96622bab5346fdaaafe5c91895d4d4de1c4fe4b2e89a8011f\windows-amd64\native-platform.dll
0x00007ff8da7f0000 - 0x00007ff8da7fd000 	C:\Program Files\Android\Android Studio\jre\jre\bin\management.dll
0x00007ff8ecce0000 - 0x00007ff8eccf8000 	C:\Windows\SYSTEM32\CRYPTSP.dll
0x00007ff8ec4a0000 - 0x00007ff8ec4d4000 	C:\Windows\system32\rsaenh.dll
0x00007ff8ed7f0000 - 0x00007ff8ed817000 	C:\Windows\System32\bcrypt.dll
0x00007ff8ed2a0000 - 0x00007ff8ed2ce000 	C:\Windows\SYSTEM32\USERENV.dll
0x00007ff8edc90000 - 0x00007ff8edd0f000 	C:\Windows\System32\bcryptprimitives.dll
0x00007ff8ecd00000 - 0x00007ff8ecd0c000 	C:\Windows\SYSTEM32\CRYPTBASE.dll
0x00007ff8ec800000 - 0x00007ff8ec83b000 	C:\Windows\SYSTEM32\IPHLPAPI.DLL
0x00007ff8ef990000 - 0x00007ff8ef999000 	C:\Windows\System32\NSI.dll
0x00007ff8e7c40000 - 0x00007ff8e7c57000 	C:\Windows\SYSTEM32\dhcpcsvc6.DLL
0x00007ff8e7c20000 - 0x00007ff8e7c3d000 	C:\Windows\SYSTEM32\dhcpcsvc.DLL
0x00007ff8ec840000 - 0x00007ff8ec90b000 	C:\Windows\SYSTEM32\DNSAPI.dll
0x00007ff8e7f70000 - 0x00007ff8e7f7b000 	C:\Windows\SYSTEM32\WINNSI.DLL

VM Arguments:
jvm_args: -Xmx1024m -Dfile.encoding=windows-1252 -Duser.country=US -Duser.language=en -Duser.variant 
java_command: org.gradle.launcher.daemon.bootstrap.GradleDaemon 6.4.1
java_class_path (initial): C:\Users\m.elmostafa\.gradle\wrapper\dists\gradle-6.4.1-all\13imxtezgn9nwzqt8rgtkunh1\gradle-6.4.1\lib\gradle-launcher-6.4.1.jar
Launcher Type: SUN_STANDARD

Environment Variables:
PATH=C:\Windows\system32;C:\Windows;C:\Windows\System32\Wbem;C:\Windows\System32\WindowsPowerShell\v1.0\;C:\Windows\System32\OpenSSH\;C:\Program Files\Git\cmd;C:\Users\m.elmostafa\AppData\Local\Microsoft\WindowsApps;
USERNAME=m.elmostafa
OS=Windows_NT
PROCESSOR_IDENTIFIER=Intel64 Family 6 Model 94 Stepping 3, GenuineIntel



---------------  S Y S T E M  ---------------

OS: Windows 10.0 , 64 bit Build 19041 (10.0.19041.292)

CPU:total 4 (initial active 4) (4 cores per cpu, 1 threads per core) family 6 model 94 stepping 3, cmov, cx8, fxsr, mmx, sse, sse2, sse3, ssse3, sse4.1, sse4.2, popcnt, avx, avx2, aes, clmul, erms, rtm, 3dnowpref, lzcnt, tsc, tscinvbit, bmi1, bmi2, adx

Memory: 4k page, physical 16657356k(3972140k free), swap 35777652k(6232k free)

vm_info: OpenJDK 64-Bit Server VM (25.242-b01) for windows-amd64 JRE (1.8.0_242-release-1644-b01), built by "builder" with MS VC++ 10.0 (VS2010)

time: Mon Oct 05 10:43:49 2020
timezone: Egypt Standard Time
elapsed time: 8 seconds (0d 0h 0m 8s)

