#
# There is insufficient memory for the Java Runtime Environment to continue.
# Native memory allocation (malloc) failed to allocate 2301776 bytes for Chunk::new
# Possible reasons:
#   The system is out of physical RAM or swap space
#   The process is running with CompressedOops enabled, and the Java Heap may be blocking the growth of the native heap
# Possible solutions:
#   Reduce memory load on the system
#   Increase physical memory or swap space
#   Check if swap backing store is full
#   Decrease Java heap size (-Xmx/-Xms)
#   Decrease number of Java threads
#   Decrease Java thread stack sizes (-Xss)
#   Set larger code cache with -XX:ReservedCodeCacheSize=
#   JVM is running with Unscaled Compressed Oops mode in which the Java heap is
#     placed in the first 4GB address space. The Java Heap base address is the
#     maximum limit for the native heap growth. Please use -XX:HeapBaseMinAddress
#     to set the Java Heap base and to place the Java Heap above 4GB virtual address.
# This output file may be truncated or incomplete.
#
#  Out of Memory Error (allocation.cpp:389), pid=6564, tid=0x000000000000365c
#
# JRE version: OpenJDK Runtime Environment (8.0_242-b01) (build 1.8.0_242-release-1644-b01)
# Java VM: OpenJDK 64-Bit Server VM (25.242-b01 mixed mode windows-amd64 compressed oops)
# Failed to write core dump. Minidumps are not enabled by default on client versions of Windows
#

---------------  T H R E A D  ---------------

Current thread (0x0000000015b25000):  JavaThread "C2 CompilerThread0" daemon [_thread_in_native, id=13916, stack(0x0000000017180000,0x0000000017280000)]

Stack: [0x0000000017180000,0x0000000017280000]
[error occurred during error reporting (printing stack bounds), id 0xc0000005]

Native frames: (J=compiled Java code, j=interpreted, Vv=VM code, C=native code)


Current CompileTask:
C2:   5837 4094   !   4       java.net.URLClassLoader$1::run (63 bytes)


---------------  P R O C E S S  ---------------

Java Threads: ( => current thread )
  0x000000001912c800 JavaThread "pool-1-thread-1" [_thread_blocked, id=11720, stack(0x0000000022140000,0x0000000022240000)]
  0x0000000019125000 JavaThread "Build operations Thread 4" [_thread_blocked, id=11736, stack(0x0000000021b00000,0x0000000021c00000)]
  0x0000000019126800 JavaThread "Build operations Thread 3" [_thread_blocked, id=12740, stack(0x0000000021750000,0x0000000021850000)]
  0x000000001912b000 JavaThread "Build operations Thread 2" [_thread_blocked, id=12352, stack(0x0000000021650000,0x0000000021750000)]
  0x0000000019125800 JavaThread "Build operations" [_thread_blocked, id=13624, stack(0x0000000021c40000,0x0000000021d40000)]
  0x000000001973a800 JavaThread "Cache worker for file content cache (C:\Users\m.elmostafa\.gradle\caches\6.4.1\fileContent)" [_thread_blocked, id=14348, stack(0x0000000020f50000,0x0000000021050000)]
  0x0000000019739000 JavaThread "Cache worker for execution history cache (C:\Users\m.elmostafa\.gradle\caches\6.4.1\executionHistory)" [_thread_blocked, id=3428, stack(0x0000000020850000,0x0000000020950000)]
  0x000000001973c000 JavaThread "Cache worker for cache directory md-rule (C:\Users\m.elmostafa\.gradle\caches\6.4.1\md-rule)" [_thread_blocked, id=10124, stack(0x000000001f6d0000,0x000000001f7d0000)]
  0x000000001973f800 JavaThread "Cache worker for cache directory md-supplier (C:\Users\m.elmostafa\.gradle\caches\6.4.1\md-supplier)" [_thread_blocked, id=15208, stack(0x000000001f5d0000,0x000000001f6d0000)]
  0x000000001973b000 JavaThread "Cache worker for checksums cache (C:\data\last\Wasellak.Android\.gradle\checksums)" [_thread_blocked, id=9428, stack(0x000000001f1e0000,0x000000001f2e0000)]
  0x000000001973d800 JavaThread "Cache worker for file hash cache (C:\data\last\Wasellak.Android\.gradle\6.4.1\fileHashes)" [_thread_blocked, id=1900, stack(0x000000001e100000,0x000000001e200000)]
  0x0000000019739800 JavaThread "File watcher consumer" daemon [_thread_blocked, id=14688, stack(0x000000001cd70000,0x000000001ce70000)]
  0x000000001973f000 JavaThread "Cache worker for file hash cache (C:\Users\m.elmostafa\.gradle\caches\6.4.1\fileHashes)" [_thread_blocked, id=14004, stack(0x000000001baa0000,0x000000001bba0000)]
  0x000000001973e000 JavaThread "File lock request listener" [_thread_in_native, id=12744, stack(0x000000001b9a0000,0x000000001baa0000)]
  0x0000000019741000 JavaThread "Cache worker for journal cache (C:\Users\m.elmostafa\.gradle\caches\journal-1)" [_thread_blocked, id=9680, stack(0x000000001b8a0000,0x000000001b9a0000)]
  0x000000001969f800 JavaThread "Thread-9" [_thread_blocked, id=6744, stack(0x000000001b5a0000,0x000000001b6a0000)]
  0x000000001969e800 JavaThread "Stdin handler" [_thread_blocked, id=7176, stack(0x000000001b4a0000,0x000000001b5a0000)]
  0x0000000019636000 JavaThread "Asynchronous log dispatcher for DefaultDaemonConnection: socket connection from /127.0.0.1:56346 to /127.0.0.1:56347" [_thread_blocked, id=13992, stack(0x000000001b3a0000,0x000000001b4a0000)]
  0x000000001961d000 JavaThread "Daemon worker" [_thread_in_vm, id=14932, stack(0x000000001b2a0000,0x000000001b3a0000)]
  0x00000000196a0000 JavaThread "Cancel handler" [_thread_blocked, id=10156, stack(0x000000001b1a0000,0x000000001b2a0000)]
  0x00000000195b8800 JavaThread "Handler for socket connection from /127.0.0.1:56346 to /127.0.0.1:56347" [_thread_in_native, id=412, stack(0x000000001aea0000,0x000000001afa0000)]
  0x00000000195c7000 JavaThread "Daemon periodic checks" [_thread_blocked, id=15080, stack(0x000000001ada0000,0x000000001aea0000)]
  0x00000000195b7800 JavaThread "Daemon" [_thread_blocked, id=9432, stack(0x000000001aca0000,0x000000001ada0000)]
  0x0000000019562800 JavaThread "Incoming local TCP Connector on port 56346" [_thread_in_native, id=13828, stack(0x000000001aa60000,0x000000001ab60000)]
  0x0000000019511800 JavaThread "Daemon health stats" [_thread_blocked, id=14504, stack(0x000000001a220000,0x000000001a320000)]
  0x0000000015b7e000 JavaThread "Service Thread" daemon [_thread_blocked, id=13228, stack(0x0000000017880000,0x0000000017980000)]
  0x0000000015b43800 JavaThread "C1 CompilerThread2" daemon [_thread_blocked, id=12292, stack(0x0000000017380000,0x0000000017480000)]
  0x0000000015b2b000 JavaThread "C2 CompilerThread1" daemon [_thread_in_native, id=14992, stack(0x0000000017280000,0x0000000017380000)]
=>0x0000000015b25000 JavaThread "C2 CompilerThread0" daemon [_thread_in_native, id=13916, stack(0x0000000017180000,0x0000000017280000)]
  0x0000000015b24000 JavaThread "Attach Listener" daemon [_thread_blocked, id=3644, stack(0x0000000017080000,0x0000000017180000)]
  0x0000000015b23000 JavaThread "Signal Dispatcher" daemon [_thread_blocked, id=9904, stack(0x0000000016f80000,0x0000000017080000)]
  0x000000000336d800 JavaThread "Finalizer" daemon [_thread_blocked, id=288, stack(0x0000000016d80000,0x0000000016e80000)]
  0x0000000015b09000 JavaThread "Reference Handler" daemon [_thread_blocked, id=1308, stack(0x0000000016c80000,0x0000000016d80000)]
  0x000000000344d800 JavaThread "main" [_thread_blocked, id=2688, stack(0x00000000030d0000,0x00000000031d0000)]

Other Threads:
  0x0000000015ae6000 VMThread [stack: 0x0000000016b80000,0x0000000016c80000] [id=8364]
  0x00000000174a3000 WatcherThread [stack: 0x0000000017980000,0x0000000017a80000] [id=8312]

VM state:not at safepoint (normal execution)

VM Mutex/Monitor currently owned by a thread: None

heap address: 0x00000000c0000000, size: 1024 MB, Compressed Oops mode: 32-bit
Narrow klass base: 0x0000000000000000, Narrow klass shift: 3
Compressed class space size: 1073741824 Address: 0x0000000100000000

Heap:
 PSYoungGen      total 141824K, used 37130K [0x00000000eab00000, 0x00000000f4000000, 0x0000000100000000)
  eden space 131072K, 20% used [0x00000000eab00000,0x00000000ec4c5530,0x00000000f2b00000)
  from space 10752K, 99% used [0x00000000f2b00000,0x00000000f357d510,0x00000000f3580000)
  to   space 10752K, 0% used [0x00000000f3580000,0x00000000f3580000,0x00000000f4000000)
 ParOldGen       total 151040K, used 16815K [0x00000000c0000000, 0x00000000c9380000, 0x00000000eab00000)
  object space 151040K, 11% used [0x00000000c0000000,0x00000000c106be10,0x00000000c9380000)
 Metaspace       used 44074K, capacity 45844K, committed 46120K, reserved 1089536K
  class space    used 5946K, capacity 6353K, committed 6440K, reserved 1048576K

Card table byte_map: [0x0000000012810000,0x0000000012a20000] byte_map_base: 0x0000000012210000

Marking Bits: (ParMarkBitMap*) 0x000000005627f030
 Begin Bits: [0x0000000012f80000, 0x0000000013f80000)
 End Bits:   [0x0000000013f80000, 0x0000000014f80000)

Polling page: 0x00000000013a0000

CodeCache: size=245760Kb used=13226Kb max_used=14163Kb free=232533Kb
 bounds [0x0000000003450000, 0x0000000004240000, 0x0000000012450000]
 total_blobs=4695 nmethods=3959 adapters=649
 compilation: enabled

Compilation events (10 events):
Event: 5.776 Thread 0x0000000015b43800 4208       3       sun.misc.ProxyGenerator$MethodInfo::write (283 bytes)
Event: 5.779 Thread 0x0000000015b43800 nmethod 4208 0x00000000036ea950 code [0x00000000036eafc0, 0x00000000036efd28]
Event: 5.779 Thread 0x0000000015b43800 4210       3       org.objectweb.asm.SymbolTable::addConstantUtf8 (98 bytes)
Event: 5.780 Thread 0x0000000015b43800 nmethod 4210 0x0000000003583410 code [0x0000000003583600, 0x0000000003583db8]
Event: 5.780 Thread 0x0000000015b43800 4209  s    3       java.io.ByteArrayOutputStream::writeTo (14 bytes)
Event: 5.780 Thread 0x0000000015b43800 nmethod 4209 0x00000000035faa50 code [0x00000000035fabc0, 0x00000000035faf48]
Event: 5.788 Thread 0x0000000015b43800 4215       3       sun.reflect.NativeConstructorAccessorImpl::setParent (6 bytes)
Event: 5.788 Thread 0x0000000015b43800 nmethod 4215 0x000000000397dc50 code [0x000000000397dda0, 0x000000000397df10]
Event: 5.828 Thread 0x0000000015b43800 4216       1       java.lang.Enum::name (5 bytes)
Event: 5.828 Thread 0x0000000015b43800 nmethod 4216 0x00000000035ee290 code [0x00000000035ee3e0, 0x00000000035ee4f0]

GC Heap History (10 events):
Event: 2.742 GC heap before
{Heap before GC invocations=5 (full 1):
 PSYoungGen      total 141824K, used 7760K [0x00000000eab00000, 0x00000000f4000000, 0x0000000100000000)
  eden space 131072K, 0% used [0x00000000eab00000,0x00000000eab00000,0x00000000f2b00000)
  from space 10752K, 72% used [0x00000000f3580000,0x00000000f3d14040,0x00000000f4000000)
  to   space 10752K, 0% used [0x00000000f2b00000,0x00000000f2b00000,0x00000000f3580000)
 ParOldGen       total 175104K, used 1076K [0x00000000c0000000, 0x00000000cab00000, 0x00000000eab00000)
  object space 175104K, 0% used [0x00000000c0000000,0x00000000c010d2b0,0x00000000cab00000)
 Metaspace       used 20556K, capacity 21288K, committed 21296K, reserved 1067008K
  class space    used 2879K, capacity 3114K, committed 3120K, reserved 1048576K
Event: 2.782 GC heap after
Heap after GC invocations=5 (full 1):
 PSYoungGen      total 141824K, used 0K [0x00000000eab00000, 0x00000000f4000000, 0x0000000100000000)
  eden space 131072K, 0% used [0x00000000eab00000,0x00000000eab00000,0x00000000f2b00000)
  from space 10752K, 0% used [0x00000000f3580000,0x00000000f3580000,0x00000000f4000000)
  to   space 10752K, 0% used [0x00000000f2b00000,0x00000000f2b00000,0x00000000f3580000)
 ParOldGen       total 96256K, used 7635K [0x00000000c0000000, 0x00000000c5e00000, 0x00000000eab00000)
  object space 96256K, 7% used [0x00000000c0000000,0x00000000c0774fc8,0x00000000c5e00000)
 Metaspace       used 20556K, capacity 21288K, committed 21296K, reserved 1067008K
  class space    used 2879K, capacity 3114K, committed 3120K, reserved 1048576K
}
Event: 3.979 GC heap before
{Heap before GC invocations=6 (full 1):
 PSYoungGen      total 141824K, used 131072K [0x00000000eab00000, 0x00000000f4000000, 0x0000000100000000)
  eden space 131072K, 100% used [0x00000000eab00000,0x00000000f2b00000,0x00000000f2b00000)
  from space 10752K, 0% used [0x00000000f3580000,0x00000000f3580000,0x00000000f4000000)
  to   space 10752K, 0% used [0x00000000f2b00000,0x00000000f2b00000,0x00000000f3580000)
 ParOldGen       total 96256K, used 7635K [0x00000000c0000000, 0x00000000c5e00000, 0x00000000eab00000)
  object space 96256K, 7% used [0x00000000c0000000,0x00000000c0774fc8,0x00000000c5e00000)
 Metaspace       used 32651K, capacity 33752K, committed 33968K, reserved 1079296K
  class space    used 4419K, capacity 4699K, committed 4784K, reserved 1048576K
Event: 3.992 GC heap after
Heap after GC invocations=6 (full 1):
 PSYoungGen      total 141824K, used 10739K [0x00000000eab00000, 0x00000000f4000000, 0x0000000100000000)
  eden space 131072K, 0% used [0x00000000eab00000,0x00000000eab00000,0x00000000f2b00000)
  from space 10752K, 99% used [0x00000000f2b00000,0x00000000f357ce90,0x00000000f3580000)
  to   space 10752K, 0% used [0x00000000f3580000,0x00000000f3580000,0x00000000f4000000)
 ParOldGen       total 96256K, used 9933K [0x00000000c0000000, 0x00000000c5e00000, 0x00000000eab00000)
  object space 96256K, 10% used [0x00000000c0000000,0x00000000c09b3618,0x00000000c5e00000)
 Metaspace       used 32651K, capacity 33752K, committed 33968K, reserved 1079296K
  class space    used 4419K, capacity 4699K, committed 4784K, reserved 1048576K
}
Event: 4.308 GC heap before
{Heap before GC invocations=7 (full 1):
 PSYoungGen      total 141824K, used 43184K [0x00000000eab00000, 0x00000000f4000000, 0x0000000100000000)
  eden space 131072K, 24% used [0x00000000eab00000,0x00000000ecaaf2e8,0x00000000f2b00000)
  from space 10752K, 99% used [0x00000000f2b00000,0x00000000f357ce90,0x00000000f3580000)
  to   space 10752K, 0% used [0x00000000f3580000,0x00000000f3580000,0x00000000f4000000)
 ParOldGen       total 96256K, used 9933K [0x00000000c0000000, 0x00000000c5e00000, 0x00000000eab00000)
  object space 96256K, 10% used [0x00000000c0000000,0x00000000c09b3618,0x00000000c5e00000)
 Metaspace       used 34198K, capacity 35428K, committed 35496K, reserved 1079296K
  class space    used 4618K, capacity 4966K, committed 5032K, reserved 1048576K
Event: 4.320 GC heap after
Heap after GC invocations=7 (full 1):
 PSYoungGen      total 141824K, used 8440K [0x00000000eab00000, 0x00000000f4000000, 0x0000000100000000)
  eden space 131072K, 0% used [0x00000000eab00000,0x00000000eab00000,0x00000000f2b00000)
  from space 10752K, 78% used [0x00000000f3580000,0x00000000f3dbe2f8,0x00000000f4000000)
  to   space 10752K, 0% used [0x00000000f2b00000,0x00000000f2b00000,0x00000000f3580000)
 ParOldGen       total 96256K, used 9941K [0x00000000c0000000, 0x00000000c5e00000, 0x00000000eab00000)
  object space 96256K, 10% used [0x00000000c0000000,0x00000000c09b5618,0x00000000c5e00000)
 Metaspace       used 34198K, capacity 35428K, committed 35496K, reserved 1079296K
  class space    used 4618K, capacity 4966K, committed 5032K, reserved 1048576K
}
Event: 4.320 GC heap before
{Heap before GC invocations=8 (full 2):
 PSYoungGen      total 141824K, used 8440K [0x00000000eab00000, 0x00000000f4000000, 0x0000000100000000)
  eden space 131072K, 0% used [0x00000000eab00000,0x00000000eab00000,0x00000000f2b00000)
  from space 10752K, 78% used [0x00000000f3580000,0x00000000f3dbe2f8,0x00000000f4000000)
  to   space 10752K, 0% used [0x00000000f2b00000,0x00000000f2b00000,0x00000000f3580000)
 ParOldGen       total 96256K, used 9941K [0x00000000c0000000, 0x00000000c5e00000, 0x00000000eab00000)
  object space 96256K, 10% used [0x00000000c0000000,0x00000000c09b5618,0x00000000c5e00000)
 Metaspace       used 34198K, capacity 35428K, committed 35496K, reserved 1079296K
  class space    used 4618K, capacity 4966K, committed 5032K, reserved 1048576K
Event: 4.391 GC heap after
Heap after GC invocations=8 (full 2):
 PSYoungGen      total 141824K, used 0K [0x00000000eab00000, 0x00000000f4000000, 0x0000000100000000)
  eden space 131072K, 0% used [0x00000000eab00000,0x00000000eab00000,0x00000000f2b00000)
  from space 10752K, 0% used [0x00000000f3580000,0x00000000f3580000,0x00000000f4000000)
  to   space 10752K, 0% used [0x00000000f2b00000,0x00000000f2b00000,0x00000000f3580000)
 ParOldGen       total 151040K, used 15807K [0x00000000c0000000, 0x00000000c9380000, 0x00000000eab00000)
  object space 151040K, 10% used [0x00000000c0000000,0x00000000c0f6fcb8,0x00000000c9380000)
 Metaspace       used 34198K, capacity 35428K, committed 35496K, reserved 1079296K
  class space    used 4618K, capacity 4966K, committed 5032K, reserved 1048576K
}
Event: 5.552 GC heap before
{Heap before GC invocations=9 (full 2):
 PSYoungGen      total 141824K, used 131072K [0x00000000eab00000, 0x00000000f4000000, 0x0000000100000000)
  eden space 131072K, 100% used [0x00000000eab00000,0x00000000f2b00000,0x00000000f2b00000)
  from space 10752K, 0% used [0x00000000f3580000,0x00000000f3580000,0x00000000f4000000)
  to   space 10752K, 0% used [0x00000000f2b00000,0x00000000f2b00000,0x00000000f3580000)
 ParOldGen       total 151040K, used 15807K [0x00000000c0000000, 0x00000000c9380000, 0x00000000eab00000)
  object space 151040K, 10% used [0x00000000c0000000,0x00000000c0f6fcb8,0x00000000c9380000)
 Metaspace       used 41017K, capacity 42846K, committed 43048K, reserved 1085440K
  class space    used 5626K, capacity 6080K, committed 6184K, reserved 1048576K
Event: 5.569 GC heap after
Heap after GC invocations=9 (full 2):
 PSYoungGen      total 141824K, used 10741K [0x00000000eab00000, 0x00000000f4000000, 0x0000000100000000)
  eden space 131072K, 0% used [0x00000000eab00000,0x00000000eab00000,0x00000000f2b00000)
  from space 10752K, 99% used [0x00000000f2b00000,0x00000000f357d510,0x00000000f3580000)
  to   space 10752K, 0% used [0x00000000f3580000,0x00000000f3580000,0x00000000f4000000)
 ParOldGen       total 151040K, used 16815K [0x00000000c0000000, 0x00000000c9380000, 0x00000000eab00000)
  object space 151040K, 11% used [0x00000000c0000000,0x00000000c106be10,0x00000000c9380000)
 Metaspace       used 41017K, capacity 42846K, committed 43048K, reserved 1085440K
  class space    used 5626K, capacity 6080K, committed 6184K, reserved 1048576K
}

Deoptimization events (10 events):
Event: 5.080 Thread 0x0000000019126800 Uncommon trap: reason=unstable_if action=reinterpret pc=0x00000000040c9998 method=com.esotericsoftware.kryo.io.Input.readUtf8Length(I)I @ 9
Event: 5.202 Thread 0x000000001961d000 Uncommon trap: reason=bimorphic action=maybe_recompile pc=0x0000000003dfb8ac method=java.util.AbstractCollection.addAll(Ljava/util/Collection;)Z @ 29
Event: 5.219 Thread 0x000000001961d000 Uncommon trap: reason=unstable_if action=reinterpret pc=0x00000000037aa96c method=java.util.jar.JarFile.match([C[B[I[I)Z @ 29
Event: 5.312 Thread 0x000000001961d000 Uncommon trap: reason=bimorphic action=maybe_recompile pc=0x0000000003dfb8ac method=java.util.AbstractCollection.addAll(Ljava/util/Collection;)Z @ 29
Event: 5.437 Thread 0x000000001961d000 Uncommon trap: reason=bimorphic action=maybe_recompile pc=0x0000000003a601f8 method=java.io.BufferedInputStream.read([BII)I @ 101
Event: 5.437 Thread 0x000000001961d000 Uncommon trap: reason=unstable_if action=reinterpret pc=0x0000000003a5ffc4 method=java.io.BufferedInputStream.read([BII)I @ 56
Event: 5.444 Thread 0x000000001961d000 Uncommon trap: reason=bimorphic action=maybe_recompile pc=0x0000000003dfb8ac method=java.util.AbstractCollection.addAll(Ljava/util/Collection;)Z @ 29
Event: 5.466 Thread 0x000000001961d000 Uncommon trap: reason=predicate action=maybe_recompile pc=0x0000000003ed48cc method=java.util.Arrays.binarySearch0([Ljava/lang/Object;IILjava/lang/Object;Ljava/util/Comparator;)I @ 28
Event: 5.495 Thread 0x000000001961d000 Uncommon trap: reason=unstable_if action=reinterpret pc=0x0000000003bb8aec method=sun.misc.MetaIndex.mayContain(Ljava/lang/String;)Z @ 38
Event: 5.777 Thread 0x000000001961d000 Uncommon trap: reason=unstable_if action=reinterpret pc=0x0000000003d96b1c method=org.objectweb.asm.ByteVector.putUTF8(Ljava/lang/String;)Lorg/objectweb/asm/ByteVector; @ 93

Classes redefined (0 events):
No events

Internal exceptions (10 events):
Event: 5.296 Thread 0x000000001961d000 Exception <a 'java/lang/ClassNotFoundException': org/gradle/api/DefaultTaskBeanInfo> (0x00000000f16dc660) thrown at [C:\src\AOSP-openjdk-git\hotspot\src\share\vm\classfile\systemDictionary.cpp, line 210]
Event: 5.297 Thread 0x000000001961d000 Exception <a 'java/lang/ClassNotFoundException': org/gradle/api/internal/AbstractTaskBeanInfo> (0x00000000f1711950) thrown at [C:\src\AOSP-openjdk-git\hotspot\src\share\vm\classfile\systemDictionary.cpp, line 210]
Event: 5.298 Thread 0x000000001961d000 Exception <a 'java/lang/ClassNotFoundException': org/gradle/api/internal/AbstractTaskCustomizer> (0x00000000f1747b68) thrown at [C:\src\AOSP-openjdk-git\hotspot\src\share\vm\classfile\systemDictionary.cpp, line 210]
Event: 5.300 Thread 0x000000001961d000 Exception <a 'java/lang/ClassNotFoundException': org/gradle/api/DefaultTaskCustomizer> (0x00000000f17dd3a0) thrown at [C:\src\AOSP-openjdk-git\hotspot\src\share\vm\classfile\systemDictionary.cpp, line 210]
Event: 5.301 Thread 0x000000001961d000 Exception <a 'java/lang/ClassNotFoundException': org/gradle/api/internal/ConventionTaskCustomizer> (0x00000000f1825270) thrown at [C:\src\AOSP-openjdk-git\hotspot\src\share\vm\classfile\systemDictionary.cpp, line 210]
Event: 5.302 Thread 0x000000001961d000 Exception <a 'java/lang/ClassNotFoundException': org/gradle/api/tasks/DeleteCustomizer> (0x00000000f1869330) thrown at [C:\src\AOSP-openjdk-git\hotspot\src\share\vm\classfile\systemDictionary.cpp, line 210]
Event: 5.303 Thread 0x000000001961d000 Exception <a 'java/lang/ClassNotFoundException': org/gradle/api/tasks/Delete_DecoratedCustomizer> (0x00000000f18bb558) thrown at [C:\src\AOSP-openjdk-git\hotspot\src\share\vm\classfile\systemDictionary.cpp, line 210]
Event: 5.324 Thread 0x000000001961d000 Exception <a 'java/lang/ClassNotFoundException': build_5cw0bg8uatsaoq78a0p9a3xn3BeanInfo> (0x00000000f1a60020) thrown at [C:\src\AOSP-openjdk-git\hotspot\src\share\vm\classfile\systemDictionary.cpp, line 210]
Event: 5.324 Thread 0x000000001961d000 Exception <a 'java/lang/ClassNotFoundException': build_5cw0bg8uatsaoq78a0p9a3xn3Customizer> (0x00000000f1a6cd00) thrown at [C:\src\AOSP-openjdk-git\hotspot\src\share\vm\classfile\systemDictionary.cpp, line 210]
Event: 5.605 Thread 0x000000001961d000 Exception <a 'sun/nio/fs/WindowsException'> (0x00000000eae08ce8) thrown at [C:\src\AOSP-openjdk-git\hotspot\src\share\vm\prims\jni.cpp, line 710]

Events (10 events):
Event: 5.831 loading class com/android/tools/build/gradle/internal/profile/IntegerOption
Event: 5.831 loading class com/android/tools/build/gradle/internal/profile/IntegerOption done
Event: 5.832 loading class com/android/tools/build/gradle/internal/profile/IntegerOption$1
Event: 5.832 loading class com/android/tools/build/gradle/internal/profile/IntegerOption$1 done
Event: 5.832 loading class com/android/tools/build/gradle/internal/profile/StringOption
Event: 5.832 loading class com/android/tools/build/gradle/internal/profile/StringOption done
Event: 5.833 loading class com/android/tools/build/gradle/internal/profile/StringOption$1
Event: 5.833 loading class com/android/tools/build/gradle/internal/profile/StringOption$1 done
Event: 5.833 loading class com/google/wireless/android/sdk/stats/GradleBuildProfileSpan$ExecutionType
Event: 5.833 loading class com/google/wireless/android/sdk/stats/GradleBuildProfileSpan$ExecutionType done


Dynamic libraries:
0x00007ff730580000 - 0x00007ff7305b1000 	C:\Program Files\Android\Android Studio\jre\bin\java.exe
0x00007ff8efcb0000 - 0x00007ff8efea5000 	C:\Windows\SYSTEM32\ntdll.dll
0x00007ff8ef050000 - 0x00007ff8ef10d000 	C:\Windows\System32\KERNEL32.DLL
0x00007ff8ed8d0000 - 0x00007ff8edb97000 	C:\Windows\System32\KERNELBASE.dll
0x00007ff8ef810000 - 0x00007ff8ef8ba000 	C:\Windows\System32\ADVAPI32.dll
0x00007ff8edd10000 - 0x00007ff8eddae000 	C:\Windows\System32\msvcrt.dll
0x00007ff8efbd0000 - 0x00007ff8efc6b000 	C:\Windows\System32\sechost.dll
0x00007ff8ee3e0000 - 0x00007ff8ee504000 	C:\Windows\System32\RPCRT4.dll
0x00007ff8efa00000 - 0x00007ff8efba0000 	C:\Windows\System32\USER32.dll
0x00007ff8ed660000 - 0x00007ff8ed682000 	C:\Windows\System32\win32u.dll
0x00007ff8efba0000 - 0x00007ff8efbca000 	C:\Windows\System32\GDI32.dll
0x00007ff8ed550000 - 0x00007ff8ed659000 	C:\Windows\System32\gdi32full.dll
0x00007ff8edba0000 - 0x00007ff8edc3d000 	C:\Windows\System32\msvcp_win.dll
0x00007ff8ed450000 - 0x00007ff8ed550000 	C:\Windows\System32\ucrtbase.dll
0x00007ff8dc230000 - 0x00007ff8dc4cb000 	C:\Windows\WinSxS\amd64_microsoft.windows.common-controls_6595b64144ccf1df_6.0.19041.488_none_ca04af081b815d21\COMCTL32.dll
0x00007ff8ef2c0000 - 0x00007ff8ef2f0000 	C:\Windows\System32\IMM32.DLL
0x00000000559d0000 - 0x0000000055aa2000 	C:\Program Files\Android\Android Studio\jre\jre\bin\msvcr100.dll
0x0000000055ab0000 - 0x00000000562fb000 	C:\Program Files\Android\Android Studio\jre\jre\bin\server\jvm.dll
0x00007ff8ef250000 - 0x00007ff8ef258000 	C:\Windows\System32\PSAPI.DLL
0x00007ff8eb3f0000 - 0x00007ff8eb3f9000 	C:\Windows\SYSTEM32\WSOCK32.dll
0x00007ff8dbe50000 - 0x00007ff8dbe77000 	C:\Windows\SYSTEM32\WINMM.dll
0x00007ff8ef7a0000 - 0x00007ff8ef80b000 	C:\Windows\System32\WS2_32.dll
0x00007ff8e6780000 - 0x00007ff8e678a000 	C:\Windows\SYSTEM32\VERSION.dll
0x00007ff8daa30000 - 0x00007ff8daa3f000 	C:\Program Files\Android\Android Studio\jre\jre\bin\verify.dll
0x00007ff8bc990000 - 0x00007ff8bc9b9000 	C:\Program Files\Android\Android Studio\jre\jre\bin\java.dll
0x00007ff8bce30000 - 0x00007ff8bce46000 	C:\Program Files\Android\Android Studio\jre\jre\bin\zip.dll
0x00007ff8ee880000 - 0x00007ff8eefc1000 	C:\Windows\System32\SHELL32.dll
0x00007ff8eb530000 - 0x00007ff8ebcc3000 	C:\Windows\SYSTEM32\windows.storage.dll
0x00007ff8ef2f0000 - 0x00007ff8ef645000 	C:\Windows\System32\combase.dll
0x00007ff8ecdf0000 - 0x00007ff8ece1c000 	C:\Windows\SYSTEM32\Wldp.dll
0x00007ff8eddb0000 - 0x00007ff8ede5e000 	C:\Windows\System32\SHCORE.dll
0x00007ff8ee380000 - 0x00007ff8ee3d5000 	C:\Windows\System32\shlwapi.dll
0x00007ff8ed320000 - 0x00007ff8ed346000 	C:\Windows\SYSTEM32\profapi.dll
0x00007ff8bc970000 - 0x00007ff8bc98a000 	C:\Program Files\Android\Android Studio\jre\jre\bin\net.dll
0x00007ff8ecb10000 - 0x00007ff8ecb7a000 	C:\Windows\system32\mswsock.dll
0x00007ff8bc950000 - 0x00007ff8bc963000 	C:\Program Files\Android\Android Studio\jre\jre\bin\nio.dll
0x00007ff8e5b90000 - 0x00007ff8e5bb7000 	C:\Users\m.elmostafa\.gradle\native\481b90ef2c2b5ab96622bab5346fdaaafe5c91895d4d4de1c4fe4b2e89a8011f\windows-amd64\native-platform.dll
0x00007ff8da7f0000 - 0x00007ff8da7fd000 	C:\Program Files\Android\Android Studio\jre\jre\bin\management.dll
0x00007ff8ecce0000 - 0x00007ff8eccf8000 	C:\Windows\SYSTEM32\CRYPTSP.dll
0x00007ff8ec4a0000 - 0x00007ff8ec4d4000 	C:\Windows\system32\rsaenh.dll
0x00007ff8ed7f0000 - 0x00007ff8ed817000 	C:\Windows\System32\bcrypt.dll
0x00007ff8ed2a0000 - 0x00007ff8ed2ce000 	C:\Windows\SYSTEM32\USERENV.dll
0x00007ff8edc90000 - 0x00007ff8edd0f000 	C:\Windows\System32\bcryptprimitives.dll
0x00007ff8ecd00000 - 0x00007ff8ecd0c000 	C:\Windows\SYSTEM32\CRYPTBASE.dll
0x00007ff8ec800000 - 0x00007ff8ec83b000 	C:\Windows\SYSTEM32\IPHLPAPI.DLL
0x00007ff8ef990000 - 0x00007ff8ef999000 	C:\Windows\System32\NSI.dll
0x00007ff8e7c40000 - 0x00007ff8e7c57000 	C:\Windows\SYSTEM32\dhcpcsvc6.DLL
0x00007ff8e7c20000 - 0x00007ff8e7c3d000 	C:\Windows\SYSTEM32\dhcpcsvc.DLL
0x00007ff8ec840000 - 0x00007ff8ec90b000 	C:\Windows\SYSTEM32\DNSAPI.dll
0x00007ff8e7f70000 - 0x00007ff8e7f7b000 	C:\Windows\SYSTEM32\WINNSI.DLL

VM Arguments:
jvm_args: -Xmx1024m -Dfile.encoding=windows-1252 -Duser.country=US -Duser.language=en -Duser.variant 
java_command: org.gradle.launcher.daemon.bootstrap.GradleDaemon 6.4.1
java_class_path (initial): C:\Users\m.elmostafa\.gradle\wrapper\dists\gradle-6.4.1-all\13imxtezgn9nwzqt8rgtkunh1\gradle-6.4.1\lib\gradle-launcher-6.4.1.jar
Launcher Type: SUN_STANDARD

Environment Variables:
PATH=C:\Windows\system32;C:\Windows;C:\Windows\System32\Wbem;C:\Windows\System32\WindowsPowerShell\v1.0\;C:\Windows\System32\OpenSSH\;C:\Program Files\Git\cmd;C:\Users\m.elmostafa\AppData\Local\Microsoft\WindowsApps;
USERNAME=m.elmostafa
OS=Windows_NT
PROCESSOR_IDENTIFIER=Intel64 Family 6 Model 94 Stepping 3, GenuineIntel



---------------  S Y S T E M  ---------------

OS: Windows 10.0 , 64 bit Build 19041 (10.0.19041.292)

CPU:total 4 (initial active 4) (4 cores per cpu, 1 threads per core) family 6 model 94 stepping 3, cmov, cx8, fxsr, mmx, sse, sse2, sse3, ssse3, sse4.1, sse4.2, popcnt, avx, avx2, aes, clmul, erms, rtm, 3dnowpref, lzcnt, tsc, tscinvbit, bmi1, bmi2, adx

Memory: 4k page, physical 16657356k(4034300k free), swap 35777652k(5416k free)

vm_info: OpenJDK 64-Bit Server VM (25.242-b01) for windows-amd64 JRE (1.8.0_242-release-1644-b01), built by "builder" with MS VC++ 10.0 (VS2010)

time: Mon Oct 05 10:44:07 2020
timezone: Egypt Standard Time
elapsed time: 5 seconds (0d 0h 0m 5s)

